<?xml version="1.0" encoding="UTF-8"?>
<testsuite xmlns:xsi="http://www.w3.org/2001/XMLSchema-instance" xsi:noNamespaceSchemaLocation="https://maven.apache.org/surefire/maven-surefire-plugin/xsd/surefire-test-report.xsd" name="org.apache.xmpbox.type.TestThumbnailType" time="0.023" tests="28" errors="0" skipped="0" failures="0">
  <properties>
[...]
</properties>
  <testcase name="testPropertyType[0]" classname="org.apache.xmpbox.type.TestThumbnailType" time="0.001"/>
  <testcase name="testRandomPropertyType[0]" classname="org.apache.xmpbox.type.TestThumbnailType" time="0.001"/>
  <testcase name="testRandomSetter[0]" classname="org.apache.xmpbox.type.TestThumbnailType" time="0.001"/>
  <testcase name="testInitializedToNull[0]" classname="org.apache.xmpbox.type.TestThumbnailType" time="0"/>
  <testcase name="testSettingValue[0]" classname="org.apache.xmpbox.type.TestThumbnailType" time="0"/>
  <testcase name="testRandomSettingValue[0]" classname="org.apache.xmpbox.type.TestThumbnailType" time="0.001"/>
  <testcase name="testSetter[0]" classname="org.apache.xmpbox.type.TestThumbnailType" time="0"/>
  <testcase name="testPropertyType[1]" classname="org.apache.xmpbox.type.TestThumbnailType" time="0.001"/>
  <testcase name="testRandomPropertyType[1]" classname="org.apache.xmpbox.type.TestThumbnailType" time="0"/>
  <testcase name="testRandomSetter[1]" classname="org.apache.xmpbox.type.TestThumbnailType" time="0.002"/>
  <testcase name="testInitializedToNull[1]" classname="org.apache.xmpbox.type.TestThumbnailType" time="0.001"/>
  <testcase name="testSettingValue[1]" classname="org.apache.xmpbox.type.TestThumbnailType" time="0"/>
  <testcase name="testRandomSettingValue[1]" classname="org.apache.xmpbox.type.TestThumbnailType" time="0.001"/>
  <testcase name="testSetter[1]" classname="org.apache.xmpbox.type.TestThumbnailType" time="0"/>
  <testcase name="testPropertyType[2]" classname="org.apache.xmpbox.type.TestThumbnailType" time="0.001"/>
  <testcase name="testRandomPropertyType[2]" classname="org.apache.xmpbox.type.TestThumbnailType" time="0.001"/>
  <testcase name="testRandomSetter[2]" classname="org.apache.xmpbox.type.TestThumbnailType" time="0.001"/>
  <testcase name="testInitializedToNull[2]" classname="org.apache.xmpbox.type.TestThumbnailType" time="0.001"/>
  <testcase name="testSettingValue[2]" classname="org.apache.xmpbox.type.TestThumbnailType" time="0"/>
  <testcase name="testRandomSettingValue[2]" classname="org.apache.xmpbox.type.TestThumbnailType" time="0.001"/>
  <testcase name="testSetter[2]" classname="org.apache.xmpbox.type.TestThumbnailType" time="0.001"/>
  <testcase name="testPropertyType[3]" classname="org.apache.xmpbox.type.TestThumbnailType" time="0"/>
  <testcase name="testRandomPropertyType[3]" classname="org.apache.xmpbox.type.TestThumbnailType" time="0.001"/>
  <testcase name="testRandomSetter[3]" classname="org.apache.xmpbox.type.TestThumbnailType" time="0.002"/>
  <testcase name="testInitializedToNull[3]" classname="org.apache.xmpbox.type.TestThumbnailType" time="0"/>
  <testcase name="testSettingValue[3]" classname="org.apache.xmpbox.type.TestThumbnailType" time="0.001"/>
  <testcase name="testRandomSettingValue[3]" classname="org.apache.xmpbox.type.TestThumbnailType" time="0.001"/>
  <testcase name="testSetter[3]" classname="org.apache.xmpbox.type.TestThumbnailType" time="0.001"/>
</testsuite>