<?xml version="1.0" encoding="UTF-8"?>
<testsuite xmlns:xsi="http://www.w3.org/2001/XMLSchema-instance" xsi:noNamespaceSchemaLocation="https://maven.apache.org/surefire/maven-surefire-plugin/xsd/surefire-test-report.xsd" name="org.apache.pdfbox.preflight.TestIsartorBavaria" time="2.644" tests="204" errors="0" skipped="0" failures="0">
  <properties>
[...]
</properties>
  <testcase name="validate[target/pdfs/Isartor testsuite/PDFA-1b/6.4 Transparency/isartor-6-4-t05-fail-a.pdf]" classname="org.apache.pdfbox.preflight.TestIsartorBavaria" time="0.024"/>
  <testcase name="validate[target/pdfs/Isartor testsuite/PDFA-1b/6.4 Transparency/isartor-6-4-t02-fail-a.pdf]" classname="org.apache.pdfbox.preflight.TestIsartorBavaria" time="0.021"/>
  <testcase name="validate[target/pdfs/Isartor testsuite/PDFA-1b/6.4 Transparency/isartor-6-4-t04-fail-a.pdf]" classname="org.apache.pdfbox.preflight.TestIsartorBavaria" time="0.011"/>
  <testcase name="validate[target/pdfs/Isartor testsuite/PDFA-1b/6.4 Transparency/isartor-6-4-t01-fail-a.pdf]" classname="org.apache.pdfbox.preflight.TestIsartorBavaria" time="0.01"/>
  <testcase name="validate[target/pdfs/Isartor testsuite/PDFA-1b/6.4 Transparency/isartor-6-4-t01-fail-b.pdf]" classname="org.apache.pdfbox.preflight.TestIsartorBavaria" time="0.018"/>
  <testcase name="validate[target/pdfs/Isartor testsuite/PDFA-1b/6.4 Transparency/isartor-6-4-t03-fail-a.pdf]" classname="org.apache.pdfbox.preflight.TestIsartorBavaria" time="0.009"/>
  <testcase name="validate[target/pdfs/Isartor testsuite/PDFA-1b/6.2 Graphics/6.2.10 Content Streams/isartor-6-2-10-t01-fail-a.pdf]" classname="org.apache.pdfbox.preflight.TestIsartorBavaria" time="0.009"/>
  <testcase name="validate[target/pdfs/Isartor testsuite/PDFA-1b/6.2 Graphics/6.2.10 Content Streams/isartor-6-2-10-t01-fail-b.pdf]" classname="org.apache.pdfbox.preflight.TestIsartorBavaria" time="0.007"/>
  <testcase name="validate[target/pdfs/Isartor testsuite/PDFA-1b/6.2 Graphics/6.2.10 Content Streams/isartor-6-2-10-t01-fail-c.pdf]" classname="org.apache.pdfbox.preflight.TestIsartorBavaria" time="0.016"/>
  <testcase name="validate[target/pdfs/Isartor testsuite/PDFA-1b/6.2 Graphics/6.2.6 Reference XObjects/isartor-6-2-6-t01-fail-a.pdf]" classname="org.apache.pdfbox.preflight.TestIsartorBavaria" time="0.008"/>
  <testcase name="validate[target/pdfs/Isartor testsuite/PDFA-1b/6.2 Graphics/6.2.2 Output intent/isartor-6-2-2-t02-fail-a.pdf]" classname="org.apache.pdfbox.preflight.TestIsartorBavaria" time="0.01"/>
  <testcase name="validate[target/pdfs/Isartor testsuite/PDFA-1b/6.2 Graphics/6.2.2 Output intent/isartor-6-2-2-t02-fail-b.pdf]" classname="org.apache.pdfbox.preflight.TestIsartorBavaria" time="0.012"/>
  <testcase name="validate[target/pdfs/Isartor testsuite/PDFA-1b/6.2 Graphics/6.2.2 Output intent/isartor-6-2-2-t03-fail-a.pdf]" classname="org.apache.pdfbox.preflight.TestIsartorBavaria" time="0.011"/>
  <testcase name="validate[target/pdfs/Isartor testsuite/PDFA-1b/6.2 Graphics/6.2.2 Output intent/isartor-6-2-2-t01-fail-a.pdf]" classname="org.apache.pdfbox.preflight.TestIsartorBavaria" time="0.035"/>
  <testcase name="validate[target/pdfs/Isartor testsuite/PDFA-1b/6.2 Graphics/6.2.9 Rendering intents/isartor-6-2-9-t01-fail-a.pdf]" classname="org.apache.pdfbox.preflight.TestIsartorBavaria" time="0.009"/>
  <testcase name="validate[target/pdfs/Isartor testsuite/PDFA-1b/6.2 Graphics/6.2.5 Form Xobjects/isartor-6-2-5-t01-fail-a.pdf]" classname="org.apache.pdfbox.preflight.TestIsartorBavaria" time="0.009"/>
  <testcase name="validate[target/pdfs/Isartor testsuite/PDFA-1b/6.2 Graphics/6.2.3 Colour spaces/6.2.3.3 Uncalibrated colour spaces/isartor-6-2-3-3-t02-fail-b.pdf]" classname="org.apache.pdfbox.preflight.TestIsartorBavaria" time="0.025"/>
  <testcase name="validate[target/pdfs/Isartor testsuite/PDFA-1b/6.2 Graphics/6.2.3 Colour spaces/6.2.3.3 Uncalibrated colour spaces/isartor-6-2-3-3-t02-fail-c.pdf]" classname="org.apache.pdfbox.preflight.TestIsartorBavaria" time="0.008"/>
  <testcase name="validate[target/pdfs/Isartor testsuite/PDFA-1b/6.2 Graphics/6.2.3 Colour spaces/6.2.3.3 Uncalibrated colour spaces/isartor-6-2-3-3-t02-fail-a.pdf]" classname="org.apache.pdfbox.preflight.TestIsartorBavaria" time="0.005"/>
  <testcase name="validate[target/pdfs/Isartor testsuite/PDFA-1b/6.2 Graphics/6.2.3 Colour spaces/6.2.3.3 Uncalibrated colour spaces/isartor-6-2-3-3-t02-fail-d.pdf]" classname="org.apache.pdfbox.preflight.TestIsartorBavaria" time="0.019"/>
  <testcase name="validate[target/pdfs/Isartor testsuite/PDFA-1b/6.2 Graphics/6.2.3 Colour spaces/6.2.3.3 Uncalibrated colour spaces/isartor-6-2-3-3-t02-fail-e.pdf]" classname="org.apache.pdfbox.preflight.TestIsartorBavaria" time="0.008"/>
  <testcase name="validate[target/pdfs/Isartor testsuite/PDFA-1b/6.2 Graphics/6.2.3 Colour spaces/6.2.3.3 Uncalibrated colour spaces/isartor-6-2-3-3-t02-fail-g.pdf]" classname="org.apache.pdfbox.preflight.TestIsartorBavaria" time="0.008"/>
  <testcase name="validate[target/pdfs/Isartor testsuite/PDFA-1b/6.2 Graphics/6.2.3 Colour spaces/6.2.3.3 Uncalibrated colour spaces/isartor-6-2-3-3-t02-fail-f.pdf]" classname="org.apache.pdfbox.preflight.TestIsartorBavaria" time="0.008"/>
  <testcase name="validate[target/pdfs/Isartor testsuite/PDFA-1b/6.2 Graphics/6.2.3 Colour spaces/6.2.3.3 Uncalibrated colour spaces/isartor-6-2-3-3-t05-fail-a.pdf]" classname="org.apache.pdfbox.preflight.TestIsartorBavaria" time="0.006"/>
  <testcase name="validate[target/pdfs/Isartor testsuite/PDFA-1b/6.2 Graphics/6.2.3 Colour spaces/6.2.3.3 Uncalibrated colour spaces/isartor-6-2-3-3-t05-fail-b.pdf]" classname="org.apache.pdfbox.preflight.TestIsartorBavaria" time="0.006"/>
  <testcase name="validate[target/pdfs/Isartor testsuite/PDFA-1b/6.2 Graphics/6.2.3 Colour spaces/6.2.3.3 Uncalibrated colour spaces/isartor-6-2-3-3-t03-fail-d.pdf]" classname="org.apache.pdfbox.preflight.TestIsartorBavaria" time="0.006"/>
  <testcase name="validate[target/pdfs/Isartor testsuite/PDFA-1b/6.2 Graphics/6.2.3 Colour spaces/6.2.3.3 Uncalibrated colour spaces/isartor-6-2-3-3-t03-fail-e.pdf]" classname="org.apache.pdfbox.preflight.TestIsartorBavaria" time="0.006"/>
  <testcase name="validate[target/pdfs/Isartor testsuite/PDFA-1b/6.2 Graphics/6.2.3 Colour spaces/6.2.3.3 Uncalibrated colour spaces/isartor-6-2-3-3-t03-fail-b.pdf]" classname="org.apache.pdfbox.preflight.TestIsartorBavaria" time="0.006"/>
  <testcase name="validate[target/pdfs/Isartor testsuite/PDFA-1b/6.2 Graphics/6.2.3 Colour spaces/6.2.3.3 Uncalibrated colour spaces/isartor-6-2-3-3-t03-fail-c.pdf]" classname="org.apache.pdfbox.preflight.TestIsartorBavaria" time="0.004"/>
  <testcase name="validate[target/pdfs/Isartor testsuite/PDFA-1b/6.2 Graphics/6.2.3 Colour spaces/6.2.3.3 Uncalibrated colour spaces/isartor-6-2-3-3-t03-fail-a.pdf]" classname="org.apache.pdfbox.preflight.TestIsartorBavaria" time="0.004"/>
  <testcase name="validate[target/pdfs/Isartor testsuite/PDFA-1b/6.2 Graphics/6.2.3 Colour spaces/6.2.3.3 Uncalibrated colour spaces/isartor-6-2-3-3-t02-fail-j.pdf]" classname="org.apache.pdfbox.preflight.TestIsartorBavaria" time="0.006"/>
  <testcase name="validate[target/pdfs/Isartor testsuite/PDFA-1b/6.2 Graphics/6.2.3 Colour spaces/6.2.3.3 Uncalibrated colour spaces/isartor-6-2-3-3-t04-fail-a.pdf]" classname="org.apache.pdfbox.preflight.TestIsartorBavaria" time="0.005"/>
  <testcase name="validate[target/pdfs/Isartor testsuite/PDFA-1b/6.2 Graphics/6.2.3 Colour spaces/6.2.3.3 Uncalibrated colour spaces/isartor-6-2-3-3-t04-fail-c.pdf]" classname="org.apache.pdfbox.preflight.TestIsartorBavaria" time="0.006"/>
  <testcase name="validate[target/pdfs/Isartor testsuite/PDFA-1b/6.2 Graphics/6.2.3 Colour spaces/6.2.3.3 Uncalibrated colour spaces/isartor-6-2-3-3-t02-fail-h.pdf]" classname="org.apache.pdfbox.preflight.TestIsartorBavaria" time="0.035"/>
  <testcase name="validate[target/pdfs/Isartor testsuite/PDFA-1b/6.2 Graphics/6.2.3 Colour spaces/6.2.3.3 Uncalibrated colour spaces/isartor-6-2-3-3-t02-fail-i.pdf]" classname="org.apache.pdfbox.preflight.TestIsartorBavaria" time="0.006"/>
  <testcase name="validate[target/pdfs/Isartor testsuite/PDFA-1b/6.2 Graphics/6.2.3 Colour spaces/6.2.3.3 Uncalibrated colour spaces/isartor-6-2-3-3-t04-fail-b.pdf]" classname="org.apache.pdfbox.preflight.TestIsartorBavaria" time="0.006"/>
  <testcase name="validate[target/pdfs/Isartor testsuite/PDFA-1b/6.2 Graphics/6.2.3 Colour spaces/6.2.3.3 Uncalibrated colour spaces/isartor-6-2-3-3-t01-fail-a.pdf]" classname="org.apache.pdfbox.preflight.TestIsartorBavaria" time="0.024"/>
  <testcase name="validate[target/pdfs/Isartor testsuite/PDFA-1b/6.2 Graphics/6.2.3 Colour spaces/6.2.3.3 Uncalibrated colour spaces/isartor-6-2-3-3-t04-fail-d.pdf]" classname="org.apache.pdfbox.preflight.TestIsartorBavaria" time="0.004"/>
  <testcase name="validate[target/pdfs/Isartor testsuite/PDFA-1b/6.2 Graphics/6.2.3 Colour spaces/6.2.3.4 Separation and DeviceN colour spaces/isartor-6-2-3-4-t01-fail-a.pdf]" classname="org.apache.pdfbox.preflight.TestIsartorBavaria" time="0.02"/>
  <testcase name="validate[target/pdfs/Isartor testsuite/PDFA-1b/6.2 Graphics/6.2.3 Colour spaces/6.2.3.4 Separation and DeviceN colour spaces/isartor-6-2-3-4-t01-fail-b.pdf]" classname="org.apache.pdfbox.preflight.TestIsartorBavaria" time="0.005"/>
  <testcase name="validate[target/pdfs/Isartor testsuite/PDFA-1b/6.2 Graphics/6.2.8 Extended graphics state/isartor-6-2-8-t02-fail-c.pdf]" classname="org.apache.pdfbox.preflight.TestIsartorBavaria" time="0.005"/>
  <testcase name="validate[target/pdfs/Isartor testsuite/PDFA-1b/6.2 Graphics/6.2.8 Extended graphics state/isartor-6-2-8-t02-fail-b.pdf]" classname="org.apache.pdfbox.preflight.TestIsartorBavaria" time="0.007"/>
  <testcase name="validate[target/pdfs/Isartor testsuite/PDFA-1b/6.2 Graphics/6.2.8 Extended graphics state/isartor-6-2-8-t02-fail-a.pdf]" classname="org.apache.pdfbox.preflight.TestIsartorBavaria" time="0.012"/>
  <testcase name="validate[target/pdfs/Isartor testsuite/PDFA-1b/6.2 Graphics/6.2.8 Extended graphics state/isartor-6-2-8-t01-fail-d.pdf]" classname="org.apache.pdfbox.preflight.TestIsartorBavaria" time="0.005"/>
  <testcase name="validate[target/pdfs/Isartor testsuite/PDFA-1b/6.2 Graphics/6.2.8 Extended graphics state/isartor-6-2-8-t01-fail-b.pdf]" classname="org.apache.pdfbox.preflight.TestIsartorBavaria" time="0.007"/>
  <testcase name="validate[target/pdfs/Isartor testsuite/PDFA-1b/6.2 Graphics/6.2.8 Extended graphics state/isartor-6-2-8-t01-fail-c.pdf]" classname="org.apache.pdfbox.preflight.TestIsartorBavaria" time="0.004"/>
  <testcase name="validate[target/pdfs/Isartor testsuite/PDFA-1b/6.2 Graphics/6.2.8 Extended graphics state/isartor-6-2-8-t01-fail-a.pdf]" classname="org.apache.pdfbox.preflight.TestIsartorBavaria" time="0.008"/>
  <testcase name="validate[target/pdfs/Isartor testsuite/PDFA-1b/6.2 Graphics/6.2.7 PostScript XObjects/isartor-6-2-7-t02-fail-a.pdf]" classname="org.apache.pdfbox.preflight.TestIsartorBavaria" time="0.005"/>
  <testcase name="validate[target/pdfs/Isartor testsuite/PDFA-1b/6.2 Graphics/6.2.7 PostScript XObjects/isartor-6-2-7-t01-fail-a.pdf]" classname="org.apache.pdfbox.preflight.TestIsartorBavaria" time="0.005"/>
  <testcase name="validate[target/pdfs/Isartor testsuite/PDFA-1b/6.2 Graphics/6.2.4 Images/isartor-6-2-4-t02-fail-a.pdf]" classname="org.apache.pdfbox.preflight.TestIsartorBavaria" time="0.008"/>
  <testcase name="validate[target/pdfs/Isartor testsuite/PDFA-1b/6.2 Graphics/6.2.4 Images/isartor-6-2-4-t03-fail-a.pdf]" classname="org.apache.pdfbox.preflight.TestIsartorBavaria" time="0.008"/>
  <testcase name="validate[target/pdfs/Isartor testsuite/PDFA-1b/6.2 Graphics/6.2.4 Images/isartor-6-2-4-t04-fail-a.pdf]" classname="org.apache.pdfbox.preflight.TestIsartorBavaria" time="0.007"/>
  <testcase name="validate[target/pdfs/Isartor testsuite/PDFA-1b/6.2 Graphics/6.2.4 Images/isartor-6-2-4-t01-fail-a.pdf]" classname="org.apache.pdfbox.preflight.TestIsartorBavaria" time="0.005"/>
  <testcase name="validate[target/pdfs/Isartor testsuite/PDFA-1b/6.5 Annotations/6.5.3 Annotation dictionaries/isartor-6-5-3-t01-fail-a.pdf]" classname="org.apache.pdfbox.preflight.TestIsartorBavaria" time="0.009"/>
  <testcase name="validate[target/pdfs/Isartor testsuite/PDFA-1b/6.5 Annotations/6.5.3 Annotation dictionaries/isartor-6-5-3-t04-fail-d.pdf]" classname="org.apache.pdfbox.preflight.TestIsartorBavaria" time="0.015"/>
  <testcase name="validate[target/pdfs/Isartor testsuite/PDFA-1b/6.5 Annotations/6.5.3 Annotation dictionaries/isartor-6-5-3-t04-fail-a.pdf]" classname="org.apache.pdfbox.preflight.TestIsartorBavaria" time="0.012"/>
  <testcase name="validate[target/pdfs/Isartor testsuite/PDFA-1b/6.5 Annotations/6.5.3 Annotation dictionaries/isartor-6-5-3-t04-fail-c.pdf]" classname="org.apache.pdfbox.preflight.TestIsartorBavaria" time="0.008"/>
  <testcase name="validate[target/pdfs/Isartor testsuite/PDFA-1b/6.5 Annotations/6.5.3 Annotation dictionaries/isartor-6-5-3-t04-fail-b.pdf]" classname="org.apache.pdfbox.preflight.TestIsartorBavaria" time="0.008"/>
  <testcase name="validate[target/pdfs/Isartor testsuite/PDFA-1b/6.5 Annotations/6.5.3 Annotation dictionaries/isartor-6-5-3-t03-fail-b.pdf]" classname="org.apache.pdfbox.preflight.TestIsartorBavaria" time="0.028"/>
  <testcase name="validate[target/pdfs/Isartor testsuite/PDFA-1b/6.5 Annotations/6.5.3 Annotation dictionaries/isartor-6-5-3-t03-fail-c.pdf]" classname="org.apache.pdfbox.preflight.TestIsartorBavaria" time="0.008"/>
  <testcase name="validate[target/pdfs/Isartor testsuite/PDFA-1b/6.5 Annotations/6.5.3 Annotation dictionaries/isartor-6-5-3-t03-fail-a.pdf]" classname="org.apache.pdfbox.preflight.TestIsartorBavaria" time="0.008"/>
  <testcase name="validate[target/pdfs/Isartor testsuite/PDFA-1b/6.5 Annotations/6.5.3 Annotation dictionaries/isartor-6-5-3-t03-fail-d.pdf]" classname="org.apache.pdfbox.preflight.TestIsartorBavaria" time="0.027"/>
  <testcase name="validate[target/pdfs/Isartor testsuite/PDFA-1b/6.5 Annotations/6.5.3 Annotation dictionaries/isartor-6-5-3-t02-fail-d.pdf]" classname="org.apache.pdfbox.preflight.TestIsartorBavaria" time="0.008"/>
  <testcase name="validate[target/pdfs/Isartor testsuite/PDFA-1b/6.5 Annotations/6.5.3 Annotation dictionaries/isartor-6-5-3-t02-fail-e.pdf]" classname="org.apache.pdfbox.preflight.TestIsartorBavaria" time="0.006"/>
  <testcase name="validate[target/pdfs/Isartor testsuite/PDFA-1b/6.5 Annotations/6.5.3 Annotation dictionaries/isartor-6-5-3-t02-fail-b.pdf]" classname="org.apache.pdfbox.preflight.TestIsartorBavaria" time="0.006"/>
  <testcase name="validate[target/pdfs/Isartor testsuite/PDFA-1b/6.5 Annotations/6.5.3 Annotation dictionaries/isartor-6-5-3-t02-fail-c.pdf]" classname="org.apache.pdfbox.preflight.TestIsartorBavaria" time="0.006"/>
  <testcase name="validate[target/pdfs/Isartor testsuite/PDFA-1b/6.5 Annotations/6.5.3 Annotation dictionaries/isartor-6-5-3-t02-fail-a.pdf]" classname="org.apache.pdfbox.preflight.TestIsartorBavaria" time="0.007"/>
  <testcase name="validate[target/pdfs/Isartor testsuite/PDFA-1b/6.5 Annotations/6.5.2 Annotation types/isartor-6-5-2-t01-fail-g.pdf]" classname="org.apache.pdfbox.preflight.TestIsartorBavaria" time="0.006"/>
  <testcase name="validate[target/pdfs/Isartor testsuite/PDFA-1b/6.5 Annotations/6.5.2 Annotation types/isartor-6-5-2-t01-fail-f.pdf]" classname="org.apache.pdfbox.preflight.TestIsartorBavaria" time="0.005"/>
  <testcase name="validate[target/pdfs/Isartor testsuite/PDFA-1b/6.5 Annotations/6.5.2 Annotation types/isartor-6-5-2-t01-fail-d.pdf]" classname="org.apache.pdfbox.preflight.TestIsartorBavaria" time="0.005"/>
  <testcase name="validate[target/pdfs/Isartor testsuite/PDFA-1b/6.5 Annotations/6.5.2 Annotation types/isartor-6-5-2-t01-fail-e.pdf]" classname="org.apache.pdfbox.preflight.TestIsartorBavaria" time="0.006"/>
  <testcase name="validate[target/pdfs/Isartor testsuite/PDFA-1b/6.5 Annotations/6.5.2 Annotation types/isartor-6-5-2-t01-fail-a.pdf]" classname="org.apache.pdfbox.preflight.TestIsartorBavaria" time="0.01"/>
  <testcase name="validate[target/pdfs/Isartor testsuite/PDFA-1b/6.5 Annotations/6.5.2 Annotation types/isartor-6-5-2-t01-fail-b.pdf]" classname="org.apache.pdfbox.preflight.TestIsartorBavaria" time="0.006"/>
  <testcase name="validate[target/pdfs/Isartor testsuite/PDFA-1b/6.5 Annotations/6.5.2 Annotation types/isartor-6-5-2-t01-fail-c.pdf]" classname="org.apache.pdfbox.preflight.TestIsartorBavaria" time="0.008"/>
  <testcase name="validate[target/pdfs/Isartor testsuite/PDFA-1b/6.5 Annotations/6.5.2 Annotation types/isartor-6-5-2-t02-fail-a.pdf]" classname="org.apache.pdfbox.preflight.TestIsartorBavaria" time="0.008"/>
  <testcase name="validate[target/pdfs/Isartor testsuite/PDFA-1b/6.5 Annotations/6.5.2 Annotation types/isartor-6-5-2-t02-fail-c.pdf]" classname="org.apache.pdfbox.preflight.TestIsartorBavaria" time="0.007"/>
  <testcase name="validate[target/pdfs/Isartor testsuite/PDFA-1b/6.5 Annotations/6.5.2 Annotation types/isartor-6-5-2-t02-fail-b.pdf]" classname="org.apache.pdfbox.preflight.TestIsartorBavaria" time="0.009"/>
  <testcase name="validate[target/pdfs/Isartor testsuite/PDFA-1b/6.5 Annotations/6.5.2 Annotation types/isartor-6-5-2-t01-fail-h.pdf]" classname="org.apache.pdfbox.preflight.TestIsartorBavaria" time="0.007"/>
  <testcase name="validate[target/pdfs/Isartor testsuite/PDFA-1b/6.6 Actions/6.6.1 General/isartor-6-6-1-t03-fail-h.pdf]" classname="org.apache.pdfbox.preflight.TestIsartorBavaria" time="0.009"/>
  <testcase name="validate[target/pdfs/Isartor testsuite/PDFA-1b/6.6 Actions/6.6.1 General/isartor-6-6-1-t03-fail-i.pdf]" classname="org.apache.pdfbox.preflight.TestIsartorBavaria" time="0.005"/>
  <testcase name="validate[target/pdfs/Isartor testsuite/PDFA-1b/6.6 Actions/6.6.1 General/isartor-6-6-1-t02-fail-b.pdf]" classname="org.apache.pdfbox.preflight.TestIsartorBavaria" time="0.005"/>
  <testcase name="validate[target/pdfs/Isartor testsuite/PDFA-1b/6.6 Actions/6.6.1 General/isartor-6-6-1-t04-fail-i.pdf]" classname="org.apache.pdfbox.preflight.TestIsartorBavaria" time="0.005"/>
  <testcase name="validate[target/pdfs/Isartor testsuite/PDFA-1b/6.6 Actions/6.6.1 General/isartor-6-6-1-t04-fail-h.pdf]" classname="org.apache.pdfbox.preflight.TestIsartorBavaria" time="0.007"/>
  <testcase name="validate[target/pdfs/Isartor testsuite/PDFA-1b/6.6 Actions/6.6.1 General/isartor-6-6-1-t02-fail-c.pdf]" classname="org.apache.pdfbox.preflight.TestIsartorBavaria" time="0.008"/>
  <testcase name="validate[target/pdfs/Isartor testsuite/PDFA-1b/6.6 Actions/6.6.1 General/isartor-6-6-1-t02-fail-a.pdf]" classname="org.apache.pdfbox.preflight.TestIsartorBavaria" time="0.004"/>
  <testcase name="validate[target/pdfs/Isartor testsuite/PDFA-1b/6.6 Actions/6.6.1 General/isartor-6-6-1-t02-fail-d.pdf]" classname="org.apache.pdfbox.preflight.TestIsartorBavaria" time="0.004"/>
  <testcase name="validate[target/pdfs/Isartor testsuite/PDFA-1b/6.6 Actions/6.6.1 General/isartor-6-6-1-t02-fail-e.pdf]" classname="org.apache.pdfbox.preflight.TestIsartorBavaria" time="0.005"/>
  <testcase name="validate[target/pdfs/Isartor testsuite/PDFA-1b/6.6 Actions/6.6.1 General/isartor-6-6-1-t01-fail-i.pdf]" classname="org.apache.pdfbox.preflight.TestIsartorBavaria" time="0.006"/>
  <testcase name="validate[target/pdfs/Isartor testsuite/PDFA-1b/6.6 Actions/6.6.1 General/isartor-6-6-1-t02-fail-g.pdf]" classname="org.apache.pdfbox.preflight.TestIsartorBavaria" time="0.004"/>
  <testcase name="validate[target/pdfs/Isartor testsuite/PDFA-1b/6.6 Actions/6.6.1 General/isartor-6-6-1-t02-fail-f.pdf]" classname="org.apache.pdfbox.preflight.TestIsartorBavaria" time="0.006"/>
  <testcase name="validate[target/pdfs/Isartor testsuite/PDFA-1b/6.6 Actions/6.6.1 General/isartor-6-6-1-t01-fail-h.pdf]" classname="org.apache.pdfbox.preflight.TestIsartorBavaria" time="0.004"/>
  <testcase name="validate[target/pdfs/Isartor testsuite/PDFA-1b/6.6 Actions/6.6.1 General/isartor-6-6-1-t01-fail-e.pdf]" classname="org.apache.pdfbox.preflight.TestIsartorBavaria" time="0.004"/>
  <testcase name="validate[target/pdfs/Isartor testsuite/PDFA-1b/6.6 Actions/6.6.1 General/isartor-6-6-1-t04-fail-a.pdf]" classname="org.apache.pdfbox.preflight.TestIsartorBavaria" time="0.083"/>
  <testcase name="validate[target/pdfs/Isartor testsuite/PDFA-1b/6.6 Actions/6.6.1 General/isartor-6-6-1-t01-fail-d.pdf]" classname="org.apache.pdfbox.preflight.TestIsartorBavaria" time="0.004"/>
  <testcase name="validate[target/pdfs/Isartor testsuite/PDFA-1b/6.6 Actions/6.6.1 General/isartor-6-6-1-t01-fail-f.pdf]" classname="org.apache.pdfbox.preflight.TestIsartorBavaria" time="0.003"/>
  <testcase name="validate[target/pdfs/Isartor testsuite/PDFA-1b/6.6 Actions/6.6.1 General/isartor-6-6-1-t02-fail-h.pdf]" classname="org.apache.pdfbox.preflight.TestIsartorBavaria" time="0.005"/>
  <testcase name="validate[target/pdfs/Isartor testsuite/PDFA-1b/6.6 Actions/6.6.1 General/isartor-6-6-1-t04-fail-c.pdf]" classname="org.apache.pdfbox.preflight.TestIsartorBavaria" time="0.004"/>
  <testcase name="validate[target/pdfs/Isartor testsuite/PDFA-1b/6.6 Actions/6.6.1 General/isartor-6-6-1-t04-fail-b.pdf]" classname="org.apache.pdfbox.preflight.TestIsartorBavaria" time="0.004"/>
  <testcase name="validate[target/pdfs/Isartor testsuite/PDFA-1b/6.6 Actions/6.6.1 General/isartor-6-6-1-t02-fail-i.pdf]" classname="org.apache.pdfbox.preflight.TestIsartorBavaria" time="0.003"/>
  <testcase name="validate[target/pdfs/Isartor testsuite/PDFA-1b/6.6 Actions/6.6.1 General/isartor-6-6-1-t01-fail-g.pdf]" classname="org.apache.pdfbox.preflight.TestIsartorBavaria" time="0.003"/>
  <testcase name="validate[target/pdfs/Isartor testsuite/PDFA-1b/6.6 Actions/6.6.1 General/isartor-6-6-1-t01-fail-c.pdf]" classname="org.apache.pdfbox.preflight.TestIsartorBavaria" time="0.003"/>
  <testcase name="validate[target/pdfs/Isartor testsuite/PDFA-1b/6.6 Actions/6.6.1 General/isartor-6-6-1-t04-fail-f.pdf]" classname="org.apache.pdfbox.preflight.TestIsartorBavaria" time="0.004"/>
  <testcase name="validate[target/pdfs/Isartor testsuite/PDFA-1b/6.6 Actions/6.6.1 General/isartor-6-6-1-t04-fail-g.pdf]" classname="org.apache.pdfbox.preflight.TestIsartorBavaria" time="0.005"/>
  <testcase name="validate[target/pdfs/Isartor testsuite/PDFA-1b/6.6 Actions/6.6.1 General/isartor-6-6-1-t01-fail-b.pdf]" classname="org.apache.pdfbox.preflight.TestIsartorBavaria" time="0.005"/>
  <testcase name="validate[target/pdfs/Isartor testsuite/PDFA-1b/6.6 Actions/6.6.1 General/isartor-6-6-1-t04-fail-e.pdf]" classname="org.apache.pdfbox.preflight.TestIsartorBavaria" time="0.004"/>
  <testcase name="validate[target/pdfs/Isartor testsuite/PDFA-1b/6.6 Actions/6.6.1 General/isartor-6-6-1-t04-fail-d.pdf]" classname="org.apache.pdfbox.preflight.TestIsartorBavaria" time="0.004"/>
  <testcase name="validate[target/pdfs/Isartor testsuite/PDFA-1b/6.6 Actions/6.6.1 General/isartor-6-6-1-t01-fail-a.pdf]" classname="org.apache.pdfbox.preflight.TestIsartorBavaria" time="0.003"/>
  <testcase name="validate[target/pdfs/Isartor testsuite/PDFA-1b/6.6 Actions/6.6.1 General/isartor-6-6-1-t03-fail-d.pdf]" classname="org.apache.pdfbox.preflight.TestIsartorBavaria" time="0.004"/>
  <testcase name="validate[target/pdfs/Isartor testsuite/PDFA-1b/6.6 Actions/6.6.1 General/isartor-6-6-1-t03-fail-e.pdf]" classname="org.apache.pdfbox.preflight.TestIsartorBavaria" time="0.004"/>
  <testcase name="validate[target/pdfs/Isartor testsuite/PDFA-1b/6.6 Actions/6.6.1 General/isartor-6-6-1-t03-fail-g.pdf]" classname="org.apache.pdfbox.preflight.TestIsartorBavaria" time="0.005"/>
  <testcase name="validate[target/pdfs/Isartor testsuite/PDFA-1b/6.6 Actions/6.6.1 General/isartor-6-6-1-t03-fail-f.pdf]" classname="org.apache.pdfbox.preflight.TestIsartorBavaria" time="0.005"/>
  <testcase name="validate[target/pdfs/Isartor testsuite/PDFA-1b/6.6 Actions/6.6.1 General/isartor-6-6-1-t03-fail-b.pdf]" classname="org.apache.pdfbox.preflight.TestIsartorBavaria" time="0.004"/>
  <testcase name="validate[target/pdfs/Isartor testsuite/PDFA-1b/6.6 Actions/6.6.1 General/isartor-6-6-1-t03-fail-c.pdf]" classname="org.apache.pdfbox.preflight.TestIsartorBavaria" time="0.008"/>
  <testcase name="validate[target/pdfs/Isartor testsuite/PDFA-1b/6.6 Actions/6.6.1 General/isartor-6-6-1-t03-fail-a.pdf]" classname="org.apache.pdfbox.preflight.TestIsartorBavaria" time="0.005"/>
  <testcase name="validate[target/pdfs/Isartor testsuite/PDFA-1b/6.6 Actions/6.6.2 Trigger events/isartor-6-6-2-t01-fail-a.pdf]" classname="org.apache.pdfbox.preflight.TestIsartorBavaria" time="0.003"/>
  <testcase name="validate[target/pdfs/Isartor testsuite/PDFA-1b/6.3 Fonts/6.3.3 Composite fonts/6.3.3.2 CIDFonts/isartor-6-3-3-2-t01-fail-a.pdf]" classname="org.apache.pdfbox.preflight.TestIsartorBavaria" time="0.008"/>
  <testcase name="validate[target/pdfs/Isartor testsuite/PDFA-1b/6.3 Fonts/6.3.3 Composite fonts/6.3.3.3 CMaps/isartor-6-3-3-3-t01-fail-a.pdf]" classname="org.apache.pdfbox.preflight.TestIsartorBavaria" time="0.22"/>
  <testcase name="validate[target/pdfs/Isartor testsuite/PDFA-1b/6.3 Fonts/6.3.3 Composite fonts/6.3.3.3 CMaps/isartor-6-3-3-3-t02-fail-a.pdf]" classname="org.apache.pdfbox.preflight.TestIsartorBavaria" time="0.03"/>
  <testcase name="validate[target/pdfs/Isartor testsuite/PDFA-1b/6.3 Fonts/6.3.3 Composite fonts/6.3.3.1 General/isartor-6-3-3-1-t01-fail-a.pdf]" classname="org.apache.pdfbox.preflight.TestIsartorBavaria" time="0.042"/>
  <testcase name="validate[target/pdfs/Isartor testsuite/PDFA-1b/6.3 Fonts/6.3.3 Composite fonts/6.3.3.1 General/isartor-6-3-3-1-t01-fail-b.pdf]" classname="org.apache.pdfbox.preflight.TestIsartorBavaria" time="0.028"/>
  <testcase name="validate[target/pdfs/Isartor testsuite/PDFA-1b/6.3 Fonts/6.3.2 Font types/isartor-6-3-2-t01-fail-a.pdf]" classname="org.apache.pdfbox.preflight.TestIsartorBavaria" time="0.075"/>
  <testcase name="validate[target/pdfs/Isartor testsuite/PDFA-1b/6.3 Fonts/6.3.2 Font types/isartor-6-3-2-t01-fail-b.pdf]" classname="org.apache.pdfbox.preflight.TestIsartorBavaria" time="0.03"/>
  <testcase name="validate[target/pdfs/Isartor testsuite/PDFA-1b/6.3 Fonts/6.3.2 Font types/isartor-6-3-2-t01-fail-c.pdf]" classname="org.apache.pdfbox.preflight.TestIsartorBavaria" time="0.022"/>
  <testcase name="validate[target/pdfs/Isartor testsuite/PDFA-1b/6.3 Fonts/6.3.7 Character encodings/isartor-6-3-7-t02-fail-a.pdf]" classname="org.apache.pdfbox.preflight.TestIsartorBavaria" time="0"/>
  <testcase name="validate[target/pdfs/Isartor testsuite/PDFA-1b/6.3 Fonts/6.3.7 Character encodings/isartor-6-3-7-t03-fail-a.pdf]" classname="org.apache.pdfbox.preflight.TestIsartorBavaria" time="0.008"/>
  <testcase name="validate[target/pdfs/Isartor testsuite/PDFA-1b/6.3 Fonts/6.3.7 Character encodings/isartor-6-3-7-t01-fail-a.pdf]" classname="org.apache.pdfbox.preflight.TestIsartorBavaria" time="0.008"/>
  <testcase name="validate[target/pdfs/Isartor testsuite/PDFA-1b/6.3 Fonts/6.3.6 Font metrics/isartor-6-3-6-t01-fail-c.pdf]" classname="org.apache.pdfbox.preflight.TestIsartorBavaria" time="0.035"/>
  <testcase name="validate[target/pdfs/Isartor testsuite/PDFA-1b/6.3 Fonts/6.3.6 Font metrics/isartor-6-3-6-t01-fail-b.pdf]" classname="org.apache.pdfbox.preflight.TestIsartorBavaria" time="0.022"/>
  <testcase name="validate[target/pdfs/Isartor testsuite/PDFA-1b/6.3 Fonts/6.3.6 Font metrics/isartor-6-3-6-t01-fail-a.pdf]" classname="org.apache.pdfbox.preflight.TestIsartorBavaria" time="0.024"/>
  <testcase name="validate[target/pdfs/Isartor testsuite/PDFA-1b/6.3 Fonts/6.3.5 Font subsets/isartor-6-3-5-t02-fail-a.pdf]" classname="org.apache.pdfbox.preflight.TestIsartorBavaria" time="0.009"/>
  <testcase name="validate[target/pdfs/Isartor testsuite/PDFA-1b/6.3 Fonts/6.3.5 Font subsets/isartor-6-3-5-t01-fail-b.pdf]" classname="org.apache.pdfbox.preflight.TestIsartorBavaria" time="0.008"/>
  <testcase name="validate[target/pdfs/Isartor testsuite/PDFA-1b/6.3 Fonts/6.3.5 Font subsets/isartor-6-3-5-t01-fail-c.pdf]" classname="org.apache.pdfbox.preflight.TestIsartorBavaria" time="0.009"/>
  <testcase name="validate[target/pdfs/Isartor testsuite/PDFA-1b/6.3 Fonts/6.3.5 Font subsets/isartor-6-3-5-t01-fail-a.pdf]" classname="org.apache.pdfbox.preflight.TestIsartorBavaria" time="0.011"/>
  <testcase name="validate[target/pdfs/Isartor testsuite/PDFA-1b/6.3 Fonts/6.3.5 Font subsets/isartor-6-3-5-t01-fail-d.pdf]" classname="org.apache.pdfbox.preflight.TestIsartorBavaria" time="0.007"/>
  <testcase name="validate[target/pdfs/Isartor testsuite/PDFA-1b/6.3 Fonts/6.3.5 Font subsets/isartor-6-3-5-t03-fail-a.pdf]" classname="org.apache.pdfbox.preflight.TestIsartorBavaria" time="0.006"/>
  <testcase name="validate[target/pdfs/Isartor testsuite/PDFA-1b/6.3 Fonts/6.3.4 Embedded font programs/isartor-6-3-4-t01-fail-h.pdf]" classname="org.apache.pdfbox.preflight.TestIsartorBavaria" time="0.005"/>
  <testcase name="validate[target/pdfs/Isartor testsuite/PDFA-1b/6.3 Fonts/6.3.4 Embedded font programs/isartor-6-3-4-t01-fail-f.pdf]" classname="org.apache.pdfbox.preflight.TestIsartorBavaria" time="0.011"/>
  <testcase name="validate[target/pdfs/Isartor testsuite/PDFA-1b/6.3 Fonts/6.3.4 Embedded font programs/isartor-6-3-4-t01-fail-g.pdf]" classname="org.apache.pdfbox.preflight.TestIsartorBavaria" time="0.006"/>
  <testcase name="validate[target/pdfs/Isartor testsuite/PDFA-1b/6.3 Fonts/6.3.4 Embedded font programs/isartor-6-3-4-t01-fail-e.pdf]" classname="org.apache.pdfbox.preflight.TestIsartorBavaria" time="0.005"/>
  <testcase name="validate[target/pdfs/Isartor testsuite/PDFA-1b/6.3 Fonts/6.3.4 Embedded font programs/isartor-6-3-4-t01-fail-d.pdf]" classname="org.apache.pdfbox.preflight.TestIsartorBavaria" time="0.005"/>
  <testcase name="validate[target/pdfs/Isartor testsuite/PDFA-1b/6.3 Fonts/6.3.4 Embedded font programs/isartor-6-3-4-t01-fail-a.pdf]" classname="org.apache.pdfbox.preflight.TestIsartorBavaria" time="0.004"/>
  <testcase name="validate[target/pdfs/Isartor testsuite/PDFA-1b/6.3 Fonts/6.3.4 Embedded font programs/isartor-6-3-4-t01-fail-c.pdf]" classname="org.apache.pdfbox.preflight.TestIsartorBavaria" time="0.092"/>
  <testcase name="validate[target/pdfs/Isartor testsuite/PDFA-1b/6.3 Fonts/6.3.4 Embedded font programs/isartor-6-3-4-t01-fail-b.pdf]" classname="org.apache.pdfbox.preflight.TestIsartorBavaria" time="0.009"/>
  <testcase name="validate[target/pdfs/Isartor testsuite/PDFA-1b/6.1 File structure/6.1.7 Stream objects/isartor-6-1-7-t03-fail-a.pdf]" classname="org.apache.pdfbox.preflight.TestIsartorBavaria" time="0.004"/>
  <testcase name="validate[target/pdfs/Isartor testsuite/PDFA-1b/6.1 File structure/6.1.7 Stream objects/isartor-6-1-7-t04-fail-a.pdf]" classname="org.apache.pdfbox.preflight.TestIsartorBavaria" time="0.004"/>
  <testcase name="validate[target/pdfs/Isartor testsuite/PDFA-1b/6.1 File structure/6.1.7 Stream objects/isartor-6-1-7-t04-fail-c.pdf]" classname="org.apache.pdfbox.preflight.TestIsartorBavaria" time="0.004"/>
  <testcase name="validate[target/pdfs/Isartor testsuite/PDFA-1b/6.1 File structure/6.1.7 Stream objects/isartor-6-1-7-t04-fail-b.pdf]" classname="org.apache.pdfbox.preflight.TestIsartorBavaria" time="0.003"/>
  <testcase name="validate[target/pdfs/Isartor testsuite/PDFA-1b/6.1 File structure/6.1.7 Stream objects/isartor-6-1-7-t01-fail-a.pdf]" classname="org.apache.pdfbox.preflight.TestIsartorBavaria" time="0.004"/>
  <testcase name="validate[target/pdfs/Isartor testsuite/PDFA-1b/6.1 File structure/6.1.7 Stream objects/isartor-6-1-7-t02-fail-a.pdf]" classname="org.apache.pdfbox.preflight.TestIsartorBavaria" time="0.003"/>
  <testcase name="validate[target/pdfs/Isartor testsuite/PDFA-1b/6.1 File structure/6.1.8 Indirect objects/isartor-6-1-8-t06-fail-a.pdf]" classname="org.apache.pdfbox.preflight.TestIsartorBavaria" time="0.007"/>
  <testcase name="validate[target/pdfs/Isartor testsuite/PDFA-1b/6.1 File structure/6.1.8 Indirect objects/isartor-6-1-8-t03-fail-a.pdf]" classname="org.apache.pdfbox.preflight.TestIsartorBavaria" time="0.007"/>
  <testcase name="validate[target/pdfs/Isartor testsuite/PDFA-1b/6.1 File structure/6.1.8 Indirect objects/isartor-6-1-8-t04-fail-a.pdf]" classname="org.apache.pdfbox.preflight.TestIsartorBavaria" time="0.009"/>
  <testcase name="validate[target/pdfs/Isartor testsuite/PDFA-1b/6.1 File structure/6.1.8 Indirect objects/isartor-6-1-8-t01-fail-a.pdf]" classname="org.apache.pdfbox.preflight.TestIsartorBavaria" time="0.004"/>
  <testcase name="validate[target/pdfs/Isartor testsuite/PDFA-1b/6.1 File structure/6.1.8 Indirect objects/isartor-6-1-8-t02-fail-a.pdf]" classname="org.apache.pdfbox.preflight.TestIsartorBavaria" time="0.005"/>
  <testcase name="validate[target/pdfs/Isartor testsuite/PDFA-1b/6.1 File structure/6.1.8 Indirect objects/isartor-6-1-8-t05-fail-a.pdf]" classname="org.apache.pdfbox.preflight.TestIsartorBavaria" time="0.003"/>
  <testcase name="validate[target/pdfs/Isartor testsuite/PDFA-1b/6.1 File structure/6.1.11 Embedded Files/isartor-6-1-11-t01-fail-a.pdf]" classname="org.apache.pdfbox.preflight.TestIsartorBavaria" time="0.005"/>
  <testcase name="validate[target/pdfs/Isartor testsuite/PDFA-1b/6.1 File structure/6.1.11 Embedded Files/isartor-6-1-11-t02-fail-a.pdf]" classname="org.apache.pdfbox.preflight.TestIsartorBavaria" time="0.004"/>
  <testcase name="validate[target/pdfs/Isartor testsuite/PDFA-1b/6.1 File structure/6.1.4 Cross reference trailer/isartor-6-1-4-t01-fail-a.pdf]" classname="org.apache.pdfbox.preflight.TestIsartorBavaria" time="0.003"/>
  <testcase name="validate[target/pdfs/Isartor testsuite/PDFA-1b/6.1 File structure/6.1.4 Cross reference trailer/isartor-6-1-4-t02-fail-a.pdf]" classname="org.apache.pdfbox.preflight.TestIsartorBavaria" time="0.003"/>
  <testcase name="validate[target/pdfs/Isartor testsuite/PDFA-1b/6.1 File structure/6.1.3 File trailer/isartor-6-1-3-t04-fail-a.pdf]" classname="org.apache.pdfbox.preflight.TestIsartorBavaria" time="0.004"/>
  <testcase name="validate[target/pdfs/Isartor testsuite/PDFA-1b/6.1 File structure/6.1.3 File trailer/isartor-6-1-3-t01-fail-a.pdf]" classname="org.apache.pdfbox.preflight.TestIsartorBavaria" time="0.004"/>
  <testcase name="validate[target/pdfs/Isartor testsuite/PDFA-1b/6.1 File structure/6.1.3 File trailer/isartor-6-1-3-t03-fail-a.pdf]" classname="org.apache.pdfbox.preflight.TestIsartorBavaria" time="0.004"/>
  <testcase name="validate[target/pdfs/Isartor testsuite/PDFA-1b/6.1 File structure/6.1.3 File trailer/isartor-6-1-3-t02-fail-a.pdf]" classname="org.apache.pdfbox.preflight.TestIsartorBavaria" time="0.016"/>
  <testcase name="validate[target/pdfs/Isartor testsuite/PDFA-1b/6.1 File structure/6.1.2 File header/isartor-6-1-2-t01-fail-a.pdf]" classname="org.apache.pdfbox.preflight.TestIsartorBavaria" time="0.001"/>
  <testcase name="validate[target/pdfs/Isartor testsuite/PDFA-1b/6.1 File structure/6.1.2 File header/isartor-6-1-2-t02-fail-a.pdf]" classname="org.apache.pdfbox.preflight.TestIsartorBavaria" time="0.002"/>
  <testcase name="validate[target/pdfs/Isartor testsuite/PDFA-1b/6.1 File structure/6.1.12 Implementation Limits/isartor-6-1-12-t01-fail-b.pdf]" classname="org.apache.pdfbox.preflight.TestIsartorBavaria" time="0.005"/>
  <testcase name="validate[target/pdfs/Isartor testsuite/PDFA-1b/6.1 File structure/6.1.12 Implementation Limits/isartor-6-1-12-t01-fail-c.pdf]" classname="org.apache.pdfbox.preflight.TestIsartorBavaria" time="0.006"/>
  <testcase name="validate[target/pdfs/Isartor testsuite/PDFA-1b/6.1 File structure/6.1.12 Implementation Limits/isartor-6-1-12-t01-fail-a.pdf]" classname="org.apache.pdfbox.preflight.TestIsartorBavaria" time="0.522"/>
  <testcase name="validate[target/pdfs/Isartor testsuite/PDFA-1b/6.1 File structure/6.1.12 Implementation Limits/isartor-6-1-12-t01-fail-d.pdf]" classname="org.apache.pdfbox.preflight.TestIsartorBavaria" time="0.004"/>
  <testcase name="validate[target/pdfs/Isartor testsuite/PDFA-1b/6.1 File structure/6.1.13 Optional content/isartor-6-1-13-t01-fail-a.pdf]" classname="org.apache.pdfbox.preflight.TestIsartorBavaria" time="0.004"/>
  <testcase name="validate[target/pdfs/Isartor testsuite/PDFA-1b/6.1 File structure/6.1.10 Filters/isartor-6-1-10-t01-fail-a.pdf]" classname="org.apache.pdfbox.preflight.TestIsartorBavaria" time="0.003"/>
  <testcase name="validate[target/pdfs/Isartor testsuite/PDFA-1b/6.1 File structure/6.1.10 Filters/isartor-6-1-10-t01-fail-b.pdf]" classname="org.apache.pdfbox.preflight.TestIsartorBavaria" time="0.003"/>
  <testcase name="validate[target/pdfs/Isartor testsuite/PDFA-1b/6.1 File structure/6.1.10 Filters/isartor-6-1-10-t01-fail-c.pdf]" classname="org.apache.pdfbox.preflight.TestIsartorBavaria" time="0.004"/>
  <testcase name="validate[target/pdfs/Isartor testsuite/PDFA-1b/6.1 File structure/6.1.6 String objects/isartor-6-1-6-t01-fail-a.pdf]" classname="org.apache.pdfbox.preflight.TestIsartorBavaria" time="0.003"/>
  <testcase name="validate[target/pdfs/Isartor testsuite/PDFA-1b/6.7 Metadata/6.7.8 Extension schemas/isartor-6-7-8-t02-fail-f.pdf]" classname="org.apache.pdfbox.preflight.TestIsartorBavaria" time="0.004"/>
  <testcase name="validate[target/pdfs/Isartor testsuite/PDFA-1b/6.7 Metadata/6.7.8 Extension schemas/isartor-6-7-8-t02-fail-g.pdf]" classname="org.apache.pdfbox.preflight.TestIsartorBavaria" time="0.003"/>
  <testcase name="validate[target/pdfs/Isartor testsuite/PDFA-1b/6.7 Metadata/6.7.8 Extension schemas/isartor-6-7-8-t02-fail-e.pdf]" classname="org.apache.pdfbox.preflight.TestIsartorBavaria" time="0.003"/>
  <testcase name="validate[target/pdfs/Isartor testsuite/PDFA-1b/6.7 Metadata/6.7.8 Extension schemas/isartor-6-7-8-t02-fail-d.pdf]" classname="org.apache.pdfbox.preflight.TestIsartorBavaria" time="0.003"/>
  <testcase name="validate[target/pdfs/Isartor testsuite/PDFA-1b/6.7 Metadata/6.7.8 Extension schemas/isartor-6-7-8-t02-fail-a.pdf]" classname="org.apache.pdfbox.preflight.TestIsartorBavaria" time="0.004"/>
  <testcase name="validate[target/pdfs/Isartor testsuite/PDFA-1b/6.7 Metadata/6.7.8 Extension schemas/isartor-6-7-8-t02-fail-c.pdf]" classname="org.apache.pdfbox.preflight.TestIsartorBavaria" time="0.003"/>
  <testcase name="validate[target/pdfs/Isartor testsuite/PDFA-1b/6.7 Metadata/6.7.8 Extension schemas/isartor-6-7-8-t02-fail-b.pdf]" classname="org.apache.pdfbox.preflight.TestIsartorBavaria" time="0.002"/>
  <testcase name="validate[target/pdfs/Isartor testsuite/PDFA-1b/6.7 Metadata/6.7.8 Extension schemas/isartor-6-7-8-t01-fail-a.pdf]" classname="org.apache.pdfbox.preflight.TestIsartorBavaria" time="0.003"/>
  <testcase name="validate[target/pdfs/Isartor testsuite/PDFA-1b/6.7 Metadata/6.7.8 Extension schemas/isartor-6-7-8-t02-fail-i.pdf]" classname="org.apache.pdfbox.preflight.TestIsartorBavaria" time="0.002"/>
  <testcase name="validate[target/pdfs/Isartor testsuite/PDFA-1b/6.7 Metadata/6.7.8 Extension schemas/isartor-6-7-8-t02-fail-h.pdf]" classname="org.apache.pdfbox.preflight.TestIsartorBavaria" time="0.002"/>
  <testcase name="validate[target/pdfs/Isartor testsuite/PDFA-1b/6.7 Metadata/6.7.8 Extension schemas/isartor-6-7-8-t02-fail-j.pdf]" classname="org.apache.pdfbox.preflight.TestIsartorBavaria" time="0.004"/>
  <testcase name="validate[target/pdfs/Isartor testsuite/PDFA-1b/6.7 Metadata/6.7.8 Extension schemas/isartor-6-7-8-t02-fail-k.pdf]" classname="org.apache.pdfbox.preflight.TestIsartorBavaria" time="0.003"/>
  <testcase name="validate[target/pdfs/Isartor testsuite/PDFA-1b/6.7 Metadata/6.7.11 Version and conformance level identification/isartor-6-7-11-t01-fail-d.pdf]" classname="org.apache.pdfbox.preflight.TestIsartorBavaria" time="0.003"/>
  <testcase name="validate[target/pdfs/Isartor testsuite/PDFA-1b/6.7 Metadata/6.7.11 Version and conformance level identification/isartor-6-7-11-t01-fail-a.pdf]" classname="org.apache.pdfbox.preflight.TestIsartorBavaria" time="0.003"/>
  <testcase name="validate[target/pdfs/Isartor testsuite/PDFA-1b/6.7 Metadata/6.7.11 Version and conformance level identification/isartor-6-7-11-t01-fail-c.pdf]" classname="org.apache.pdfbox.preflight.TestIsartorBavaria" time="0.003"/>
  <testcase name="validate[target/pdfs/Isartor testsuite/PDFA-1b/6.7 Metadata/6.7.11 Version and conformance level identification/isartor-6-7-11-t01-fail-b.pdf]" classname="org.apache.pdfbox.preflight.TestIsartorBavaria" time="0.004"/>
  <testcase name="validate[target/pdfs/Isartor testsuite/PDFA-1b/6.7 Metadata/6.7.9 Validation/isartor-6-7-9-t01-fail-a.pdf]" classname="org.apache.pdfbox.preflight.TestIsartorBavaria" time="0.007"/>
  <testcase name="validate[target/pdfs/Isartor testsuite/PDFA-1b/6.7 Metadata/6.7.2 Properties/isartor-6-7-2-t02-fail-b.pdf]" classname="org.apache.pdfbox.preflight.TestIsartorBavaria" time="0.002"/>
  <testcase name="validate[target/pdfs/Isartor testsuite/PDFA-1b/6.7 Metadata/6.7.2 Properties/isartor-6-7-2-t02-fail-c.pdf]" classname="org.apache.pdfbox.preflight.TestIsartorBavaria" time="0.003"/>
  <testcase name="validate[target/pdfs/Isartor testsuite/PDFA-1b/6.7 Metadata/6.7.2 Properties/isartor-6-7-2-t02-fail-a.pdf]" classname="org.apache.pdfbox.preflight.TestIsartorBavaria" time="0.002"/>
  <testcase name="validate[target/pdfs/Isartor testsuite/PDFA-1b/6.7 Metadata/6.7.2 Properties/isartor-6-7-2-t01-fail-a.pdf]" classname="org.apache.pdfbox.preflight.TestIsartorBavaria" time="0.002"/>
  <testcase name="validate[target/pdfs/Isartor testsuite/PDFA-1b/6.7 Metadata/6.7.2 Properties/isartor-6-7-2-t03-fail-a.pdf]" classname="org.apache.pdfbox.preflight.TestIsartorBavaria" time="0.002"/>
  <testcase name="validate[target/pdfs/Isartor testsuite/PDFA-1b/6.7 Metadata/6.7.3 Document information dictionary/isartor-6-7-3-t01-fail-a.pdf]" classname="org.apache.pdfbox.preflight.TestIsartorBavaria" time="0.004"/>
  <testcase name="validate[target/pdfs/Isartor testsuite/PDFA-1b/6.7 Metadata/6.7.3 Document information dictionary/isartor-6-7-3-t01-fail-b.pdf]" classname="org.apache.pdfbox.preflight.TestIsartorBavaria" time="0.004"/>
  <testcase name="validate[target/pdfs/Isartor testsuite/PDFA-1b/6.7 Metadata/6.7.3 Document information dictionary/isartor-6-7-3-t01-fail-c.pdf]" classname="org.apache.pdfbox.preflight.TestIsartorBavaria" time="0.004"/>
  <testcase name="validate[target/pdfs/Isartor testsuite/PDFA-1b/6.7 Metadata/6.7.5 XMP header/isartor-6-7-5-t02-fail-a.pdf]" classname="org.apache.pdfbox.preflight.TestIsartorBavaria" time="0.003"/>
  <testcase name="validate[target/pdfs/Isartor testsuite/PDFA-1b/6.7 Metadata/6.7.5 XMP header/isartor-6-7-5-t01-fail-a.pdf]" classname="org.apache.pdfbox.preflight.TestIsartorBavaria" time="0.003"/>
  <testcase name="validate[target/pdfs/Isartor testsuite/PDFA-1b/6.9 Interactive Forms/isartor-6-9-t02-fail-a.pdf]" classname="org.apache.pdfbox.preflight.TestIsartorBavaria" time="0.01"/>
  <testcase name="validate[target/pdfs/Isartor testsuite/PDFA-1b/6.9 Interactive Forms/isartor-6-9-t02-fail-b.pdf]" classname="org.apache.pdfbox.preflight.TestIsartorBavaria" time="0.012"/>
  <testcase name="validate[target/pdfs/Isartor testsuite/PDFA-1b/6.9 Interactive Forms/isartor-6-9-t01-fail-a.pdf]" classname="org.apache.pdfbox.preflight.TestIsartorBavaria" time="0.005"/>
</testsuite>