<?xml version="1.0" encoding="UTF-8"?>
<testsuite xmlns:xsi="http://www.w3.org/2001/XMLSchema-instance" xsi:noNamespaceSchemaLocation="https://maven.apache.org/surefire/maven-surefire-plugin/xsd/surefire-test-report.xsd" name="org.apache.pdfbox.pdmodel.common.function.TestFunctions" time="0.042" tests="46" errors="0" skipped="0" failures="0">
  <properties>
[...]
</properties>
  <testcase name="testTruncate" classname="org.apache.pdfbox.pdmodel.common.function.type4.TestOperators" time="0.024"/>
  <testcase name="testAbs" classname="org.apache.pdfbox.pdmodel.common.function.type4.TestOperators" time="0"/>
  <testcase name="testAdd" classname="org.apache.pdfbox.pdmodel.common.function.type4.TestOperators" time="0"/>
  <testcase name="testAnd" classname="org.apache.pdfbox.pdmodel.common.function.type4.TestOperators" time="0"/>
  <testcase name="testCos" classname="org.apache.pdfbox.pdmodel.common.function.type4.TestOperators" time="0"/>
  <testcase name="testCvi" classname="org.apache.pdfbox.pdmodel.common.function.type4.TestOperators" time="0.001"/>
  <testcase name="testCvr" classname="org.apache.pdfbox.pdmodel.common.function.type4.TestOperators" time="0"/>
  <testcase name="testDiv" classname="org.apache.pdfbox.pdmodel.common.function.type4.TestOperators" time="0"/>
  <testcase name="testDup" classname="org.apache.pdfbox.pdmodel.common.function.type4.TestOperators" time="0"/>
  <testcase name="testExp" classname="org.apache.pdfbox.pdmodel.common.function.type4.TestOperators" time="0.001"/>
  <testcase name="testLog" classname="org.apache.pdfbox.pdmodel.common.function.type4.TestOperators" time="0"/>
  <testcase name="testMod" classname="org.apache.pdfbox.pdmodel.common.function.type4.TestOperators" time="0"/>
  <testcase name="testMul" classname="org.apache.pdfbox.pdmodel.common.function.type4.TestOperators" time="0"/>
  <testcase name="testNeg" classname="org.apache.pdfbox.pdmodel.common.function.type4.TestOperators" time="0"/>
  <testcase name="testNot" classname="org.apache.pdfbox.pdmodel.common.function.type4.TestOperators" time="0.001"/>
  <testcase name="testPop" classname="org.apache.pdfbox.pdmodel.common.function.type4.TestOperators" time="0"/>
  <testcase name="testSin" classname="org.apache.pdfbox.pdmodel.common.function.type4.TestOperators" time="0"/>
  <testcase name="testSub" classname="org.apache.pdfbox.pdmodel.common.function.type4.TestOperators" time="0"/>
  <testcase name="testXor" classname="org.apache.pdfbox.pdmodel.common.function.type4.TestOperators" time="0"/>
  <testcase name="testFloor" classname="org.apache.pdfbox.pdmodel.common.function.type4.TestOperators" time="0"/>
  <testcase name="testIndex" classname="org.apache.pdfbox.pdmodel.common.function.type4.TestOperators" time="0.001"/>
  <testcase name="testRound" classname="org.apache.pdfbox.pdmodel.common.function.type4.TestOperators" time="0"/>
  <testcase name="testAtan" classname="org.apache.pdfbox.pdmodel.common.function.type4.TestOperators" time="0.001"/>
  <testcase name="testCopy" classname="org.apache.pdfbox.pdmodel.common.function.type4.TestOperators" time="0"/>
  <testcase name="testExch" classname="org.apache.pdfbox.pdmodel.common.function.type4.TestOperators" time="0"/>
  <testcase name="testIDiv" classname="org.apache.pdfbox.pdmodel.common.function.type4.TestOperators" time="0"/>
  <testcase name="testRoll" classname="org.apache.pdfbox.pdmodel.common.function.type4.TestOperators" time="0.001"/>
  <testcase name="testSqrt" classname="org.apache.pdfbox.pdmodel.common.function.type4.TestOperators" time="0"/>
  <testcase name="testEq" classname="org.apache.pdfbox.pdmodel.common.function.type4.TestOperators" time="0"/>
  <testcase name="testGe" classname="org.apache.pdfbox.pdmodel.common.function.type4.TestOperators" time="0"/>
  <testcase name="testGt" classname="org.apache.pdfbox.pdmodel.common.function.type4.TestOperators" time="0"/>
  <testcase name="testIf" classname="org.apache.pdfbox.pdmodel.common.function.type4.TestOperators" time="0.001"/>
  <testcase name="testLe" classname="org.apache.pdfbox.pdmodel.common.function.type4.TestOperators" time="0"/>
  <testcase name="testLn" classname="org.apache.pdfbox.pdmodel.common.function.type4.TestOperators" time="0"/>
  <testcase name="testLt" classname="org.apache.pdfbox.pdmodel.common.function.type4.TestOperators" time="0"/>
  <testcase name="testNe" classname="org.apache.pdfbox.pdmodel.common.function.type4.TestOperators" time="0"/>
  <testcase name="testOr" classname="org.apache.pdfbox.pdmodel.common.function.type4.TestOperators" time="0"/>
  <testcase name="testCeiling" classname="org.apache.pdfbox.pdmodel.common.function.type4.TestOperators" time="0.001"/>
  <testcase name="testIfElse" classname="org.apache.pdfbox.pdmodel.common.function.type4.TestOperators" time="0"/>
  <testcase name="testBitshift" classname="org.apache.pdfbox.pdmodel.common.function.type4.TestOperators" time="0"/>
  <testcase name="testJira804" classname="org.apache.pdfbox.pdmodel.common.function.type4.TestParser" time="0"/>
  <testcase name="testParseFloat" classname="org.apache.pdfbox.pdmodel.common.function.type4.TestParser" time="0"/>
  <testcase name="testNested" classname="org.apache.pdfbox.pdmodel.common.function.type4.TestParser" time="0.001"/>
  <testcase name="testParserBasics" classname="org.apache.pdfbox.pdmodel.common.function.type4.TestParser" time="0"/>
  <testcase name="testFunctionArgumentOrder" classname="org.apache.pdfbox.pdmodel.common.function.TestPDFunctionType4" time="0.003"/>
  <testcase name="testFunctionSimple" classname="org.apache.pdfbox.pdmodel.common.function.TestPDFunctionType4" time="0"/>
</testsuite>